-------------------------------------------------------------------------------
Test set: runners.RunCukesTest
-------------------------------------------------------------------------------
Tests run: 2, Failures: 1, Errors: 0, Skipped: 0, Time elapsed: 54.536 s <<< FAILURE! - in runners.RunCukesTest
runScenario(runners.RunCukesTest)  Time elapsed: 26.204 s  <<< FAILURE!
java.lang.AssertionError: 

Expecting:
 <"AUTHENTICATION">
to be equal to:
 <"Create an account">
ignoring case considerations

