<?xml version="1.0" encoding="UTF-8"?>
<testng-results ignored="0" total="1" passed="1" failed="0" skipped="0">
  <reporter-output>
  </reporter-output>
  <suite started-at="2019-06-27T12:13:44Z" name="Surefire suite" finished-at="2019-06-27T12:14:07Z" duration-ms="22367">
    <groups>
      <group name="cucumber">
        <method signature="AbstractTestNGCucumberTests.runScenario(cucumber.api.testng.PickleEventWrapper, cucumber.api.testng.CucumberFeatureWrapper)[pri:0, instance:runners.RunCukesTest@78aab498]" name="runScenario" class="cucumber.api.testng.AbstractTestNGCucumberTests"/>
      </group> <!-- cucumber -->
    </groups>
    <test started-at="2019-06-27T12:13:44Z" name="Surefire test" finished-at="2019-06-27T12:14:07Z" duration-ms="22367">
      <class name="runners.RunCukesTest">
        <test-method is-config="true" signature="setUpClass()[pri:0, instance:runners.RunCukesTest@78aab498]" started-at="2019-06-27T12:13:44Z" name="setUpClass" finished-at="2019-06-27T12:13:46Z" duration-ms="1836" status="PASS">
          <reporter-output>
          </reporter-output>
        </test-method> <!-- setUpClass -->
        <test-method signature="runScenario(cucumber.api.testng.PickleEventWrapper, cucumber.api.testng.CucumberFeatureWrapper)[pri:0, instance:runners.RunCukesTest@78aab498]" started-at="2019-06-27T12:13:46Z" name="runScenario" description="Runs Cucumber Scenarios" data-provider="scenarios" finished-at="2019-06-27T12:14:05Z" duration-ms="19024" status="PASS">
          <params>
            <param index="0">
              <value>
                <![CDATA["Register with valid email"]]>
              </value>
            </param>
            <param index="1">
              <value>
                <![CDATA["Registration"]]>
              </value>
            </param>
          </params>
          <reporter-output>
          </reporter-output>
        </test-method> <!-- runScenario -->
        <test-method is-config="true" signature="tearDownClass()[pri:0, instance:runners.RunCukesTest@78aab498]" started-at="2019-06-27T12:14:05Z" name="tearDownClass" finished-at="2019-06-27T12:14:07Z" duration-ms="1431" status="PASS">
          <reporter-output>
          </reporter-output>
        </test-method> <!-- tearDownClass -->
      </class> <!-- runners.RunCukesTest -->
    </test> <!-- Surefire test -->
  </suite> <!-- Surefire suite -->
</testng-results>
