<?xml version="1.0" encoding="UTF-8"?>
<testng-results ignored="0" total="3" passed="3" failed="0" skipped="0">
  <reporter-output>
  </reporter-output>
  <suite started-at="2019-06-30T10:23:54Z" name="Surefire suite" finished-at="2019-06-30T10:25:44Z" duration-ms="110495">
    <groups>
      <group name="cucumber">
        <method signature="AbstractTestNGCucumberTests.runScenario(cucumber.api.testng.PickleEventWrapper, cucumber.api.testng.CucumberFeatureWrapper)[pri:0, instance:runners.RunCukesTest@78aab498]" name="runScenario" class="cucumber.api.testng.AbstractTestNGCucumberTests"/>
      </group> <!-- cucumber -->
    </groups>
    <test started-at="2019-06-30T10:23:54Z" name="Surefire test" finished-at="2019-06-30T10:25:44Z" duration-ms="110495">
      <class name="runners.RunCukesTest">
        <test-method is-config="true" signature="setUpClass()[pri:0, instance:runners.RunCukesTest@78aab498]" started-at="2019-06-30T10:23:54Z" name="setUpClass" finished-at="2019-06-30T10:23:55Z" duration-ms="1285" status="PASS">
          <reporter-output>
          </reporter-output>
        </test-method> <!-- setUpClass -->
        <test-method signature="runScenario(cucumber.api.testng.PickleEventWrapper, cucumber.api.testng.CucumberFeatureWrapper)[pri:0, instance:runners.RunCukesTest@78aab498]" started-at="2019-06-30T10:23:55Z" name="runScenario" description="Runs Cucumber Scenarios" data-provider="scenarios" finished-at="2019-06-30T10:24:34Z" duration-ms="38346" status="PASS">
          <params>
            <param index="0">
              <value>
                <![CDATA["Add a summer dress to cart"]]>
              </value>
            </param>
            <param index="1">
              <value>
                <![CDATA["Registration"]]>
              </value>
            </param>
          </params>
          <reporter-output>
          </reporter-output>
        </test-method> <!-- runScenario -->
        <test-method signature="runScenario(cucumber.api.testng.PickleEventWrapper, cucumber.api.testng.CucumberFeatureWrapper)[pri:0, instance:runners.RunCukesTest@78aab498]" started-at="2019-06-30T10:24:34Z" name="runScenario" description="Runs Cucumber Scenarios" data-provider="scenarios" finished-at="2019-06-30T10:25:07Z" duration-ms="33684" status="PASS">
          <params>
            <param index="0">
              <value>
                <![CDATA["Register with valid email"]]>
              </value>
            </param>
            <param index="1">
              <value>
                <![CDATA["Registration"]]>
              </value>
            </param>
          </params>
          <reporter-output>
          </reporter-output>
        </test-method> <!-- runScenario -->
        <test-method signature="runScenario(cucumber.api.testng.PickleEventWrapper, cucumber.api.testng.CucumberFeatureWrapper)[pri:0, instance:runners.RunCukesTest@78aab498]" started-at="2019-06-30T10:25:07Z" name="runScenario" description="Runs Cucumber Scenarios" data-provider="scenarios" finished-at="2019-06-30T10:25:43Z" duration-ms="35436" status="PASS">
          <params>
            <param index="0">
              <value>
                <![CDATA["Register with invalid email"]]>
              </value>
            </param>
            <param index="1">
              <value>
                <![CDATA["Registration"]]>
              </value>
            </param>
          </params>
          <reporter-output>
          </reporter-output>
        </test-method> <!-- runScenario -->
        <test-method is-config="true" signature="tearDownClass()[pri:0, instance:runners.RunCukesTest@78aab498]" started-at="2019-06-30T10:25:43Z" name="tearDownClass" finished-at="2019-06-30T10:25:44Z" duration-ms="1676" status="PASS">
          <reporter-output>
          </reporter-output>
        </test-method> <!-- tearDownClass -->
      </class> <!-- runners.RunCukesTest -->
    </test> <!-- Surefire test -->
  </suite> <!-- Surefire suite -->
</testng-results>
