<?xml version="1.0" encoding="UTF-8"?>
<!-- Generated by org.testng.reporters.JUnitXMLReporter -->
<testsuite ignored="0" hostname="DESKTOP-M9CE7PB" failures="0" tests="2" name="Surefire test" time="51.955" errors="0" timestamp="27 Jun 2019 12:54:01 GMT">
  <testcase classname="cucumber.api.testng.AbstractTestNGCucumberTests" name="runScenario" time="24.556"/>
  <testcase classname="cucumber.api.testng.AbstractTestNGCucumberTests" name="runScenario" time="23.605"/>
</testsuite> <!-- Surefire test -->
