<?xml version="1.0" encoding="UTF-8"?>
<!-- Generated by org.testng.reporters.JUnitReportReporter -->
<testsuite hostname="DESKTOP-M9CE7PB" failures="1" tests="2" name="runners.RunCukesTest" time="46.493" errors="0" timestamp="27 Jun 2019 12:48:52 GMT" skipped="0">
  <testcase classname="runners.RunCukesTest" name="runScenario" time="20.828">
    <failure message="
Expecting:
 &lt;&quot;Invalid email address.&quot;&gt;
to be equal to:
 &lt;&quot;Invalid email address&quot;&gt;
ignoring case considerations" type="java.lang.AssertionError">
      <![CDATA[java.lang.AssertionError: 
Expecting:
 <"Invalid email address.">
to be equal to:
 <"Invalid email address">
ignoring case considerations
at project.stepdefs.RegisterSteps.I_should_see_error_message(RegisterSteps.java:56)
at ✽.I should see error message: Invalid email address(src/main/resources/features/Register.feature:17)
]]>
    </failure>
  </testcase> <!-- runScenario -->
  <testcase classname="runners.RunCukesTest" name="runScenario" time="25.665"/>
</testsuite> <!-- runners.RunCukesTest -->
