-------------------------------------------------------------------------------
Test set: runners.RunCukesTest
-------------------------------------------------------------------------------
Tests run: 1, Failures: 1, Errors: 0, Skipped: 0, Time elapsed: 23.667 s <<< FAILURE! - in runners.RunCukesTest
runScenario(runners.RunCukesTest)  Time elapsed: 19.514 s  <<< FAILURE!
java.lang.AssertionError: 

Expecting:
 <"AUTHENTICATION">
to be equal to:
 <"Create an account">
but was not.

