<?xml version="1.0" encoding="UTF-8"?>
<!-- Generated by org.testng.reporters.JUnitXMLReporter -->
<testsuite ignored="0" hostname="DESKTOP-M9CE7PB" failures="1" tests="1" name="Surefire test" time="23.754" errors="0" timestamp="25 Jun 2019 11:17:13 GMT">
  <testcase classname="cucumber.api.testng.AbstractTestNGCucumberTests" name="runScenario" time="17.92">
    <failure type="cucumber.runtime.CucumberException" message="Could not convert arguments for step [^I enter all the mandatory information$] defined at &amp;apos;project.stepdefs.RegisterSteps.I_Enter_My_Regular_Income_Sources(Transaction) in file:/C:/Users/gayat/eclipse-workspace/belong-test-exercise/target/classes/&amp;apos;.
The details are in the stacktrace below.">
      <![CDATA[cucumber.runtime.CucumberException: Could not convert arguments for step [^I enter all the mandatory information$] defined at 'project.stepdefs.RegisterSteps.I_Enter_My_Regular_Income_Sources(Transaction) in file:/C:/Users/gayat/eclipse-workspace/belong-test-exercise/target/classes/'.
The details are in the stacktrace below.
at cucumber.runner.PickleStepDefinitionMatch.couldNotConvertArguments(PickleStepDefinitionMatch.java:69)
at cucumber.runner.PickleStepDefinitionMatch.runStep(PickleStepDefinitionMatch.java:46)
at cucumber.runner.TestStep.executeStep(TestStep.java:63)
at cucumber.runner.TestStep.run(TestStep.java:49)
at cucumber.runner.PickleStepTestStep.run(PickleStepTestStep.java:43)
at cucumber.runner.TestCase.run(TestCase.java:44)
at cucumber.runner.Runner.runPickle(Runner.java:40)
at cucumber.api.testng.TestNGCucumberRunner.runScenario(TestNGCucumberRunner.java:68)
at cucumber.api.testng.AbstractTestNGCucumberTests.runScenario(AbstractTestNGCucumberTests.java:22)
Caused by: io.cucumber.datatable.CucumberDataTableException: 'project.dataobjects.Transaction' could not transform
      | First name | Last name | Email                       | Password | First name | Last name | Address  | City  | State    | Zip/Postal Code | Country       | Mobile phone |
      | G          | T         | gayathri.tiwari01@gmail.com | Gaya3    | G          | T         | Mumba St | Texas | Victoria | 30000           | United States | 04455667788  |

at io.cucumber.datatable.DataTableType.transform(DataTableType.java:162)
at io.cucumber.datatable.DataTableTypeRegistryTableConverter.convert(DataTableTypeRegistryTableConverter.java:53)
at io.cucumber.datatable.DataTable.convert(DataTable.java:362)
at io.cucumber.stepexpression.StepExpressionFactory$3.transform(StepExpressionFactory.java:73)
at io.cucumber.stepexpression.DataTableArgument.getValue(DataTableArgument.java:19)
at cucumber.runner.PickleStepDefinitionMatch.runStep(PickleStepDefinitionMatch.java:41)
... 37 more
Caused by: io.cucumber.datatable.CucumberDataTableException: Can't convert DataTable to Map<java.lang.String, java.lang.String>. Encountered duplicate key First name with values G and G
at io.cucumber.datatable.CucumberDataTableException.cantConvertToMap(CucumberDataTableException.java:25)
at io.cucumber.datatable.CucumberDataTableException.duplicateKeyException(CucumberDataTableException.java:30)
at io.cucumber.datatable.DataTable.asMaps(DataTable.java:254)
at project.datatables.Configurer$2.transform(Configurer.java:42)
at project.datatables.Configurer$2.transform(Configurer.java:39)
at io.cucumber.datatable.DataTableType$TableTransformerAdaptor.transform(DataTableType.java:294)
at io.cucumber.datatable.DataTableType.transform(DataTableType.java:159)
... 42 more
... Removed 30 stack frames]]>
    </failure>
  </testcase> <!-- runScenario -->
</testsuite> <!-- Surefire test -->
