<?xml version="1.0" encoding="UTF-8"?>
<testng-results ignored="0" total="2" passed="2" failed="0" skipped="0">
  <reporter-output>
  </reporter-output>
  <suite started-at="2019-06-27T12:53:09Z" name="Surefire suite" finished-at="2019-06-27T12:54:01Z" duration-ms="51955">
    <groups>
      <group name="cucumber">
        <method signature="AbstractTestNGCucumberTests.runScenario(cucumber.api.testng.PickleEventWrapper, cucumber.api.testng.CucumberFeatureWrapper)[pri:0, instance:runners.RunCukesTest@78aab498]" name="runScenario" class="cucumber.api.testng.AbstractTestNGCucumberTests"/>
      </group> <!-- cucumber -->
    </groups>
    <test started-at="2019-06-27T12:53:09Z" name="Surefire test" finished-at="2019-06-27T12:54:01Z" duration-ms="51955">
      <class name="runners.RunCukesTest">
        <test-method is-config="true" signature="setUpClass()[pri:0, instance:runners.RunCukesTest@78aab498]" started-at="2019-06-27T12:53:09Z" name="setUpClass" finished-at="2019-06-27T12:53:11Z" duration-ms="1698" status="PASS">
          <reporter-output>
          </reporter-output>
        </test-method> <!-- setUpClass -->
        <test-method signature="runScenario(cucumber.api.testng.PickleEventWrapper, cucumber.api.testng.CucumberFeatureWrapper)[pri:0, instance:runners.RunCukesTest@78aab498]" started-at="2019-06-27T12:53:11Z" name="runScenario" description="Runs Cucumber Scenarios" data-provider="scenarios" finished-at="2019-06-27T12:53:36Z" duration-ms="24556" status="PASS">
          <params>
            <param index="0">
              <value>
                <![CDATA["Register with valid email"]]>
              </value>
            </param>
            <param index="1">
              <value>
                <![CDATA["Registration"]]>
              </value>
            </param>
          </params>
          <reporter-output>
          </reporter-output>
        </test-method> <!-- runScenario -->
        <test-method signature="runScenario(cucumber.api.testng.PickleEventWrapper, cucumber.api.testng.CucumberFeatureWrapper)[pri:0, instance:runners.RunCukesTest@78aab498]" started-at="2019-06-27T12:53:36Z" name="runScenario" description="Runs Cucumber Scenarios" data-provider="scenarios" finished-at="2019-06-27T12:53:59Z" duration-ms="23605" status="PASS">
          <params>
            <param index="0">
              <value>
                <![CDATA["Register with invalid email"]]>
              </value>
            </param>
            <param index="1">
              <value>
                <![CDATA["Registration"]]>
              </value>
            </param>
          </params>
          <reporter-output>
          </reporter-output>
        </test-method> <!-- runScenario -->
        <test-method is-config="true" signature="tearDownClass()[pri:0, instance:runners.RunCukesTest@78aab498]" started-at="2019-06-27T12:53:59Z" name="tearDownClass" finished-at="2019-06-27T12:54:01Z" duration-ms="2004" status="PASS">
          <reporter-output>
          </reporter-output>
        </test-method> <!-- tearDownClass -->
      </class> <!-- runners.RunCukesTest -->
    </test> <!-- Surefire test -->
  </suite> <!-- Surefire suite -->
</testng-results>
