-------------------------------------------------------------------------------
Test set: runners.RunCukesTest
-------------------------------------------------------------------------------
Tests run: 2, Failures: 1, Errors: 0, Skipped: 0, Time elapsed: 53.328 s <<< FAILURE! - in runners.RunCukesTest
runScenario(runners.RunCukesTest)  Time elapsed: 20.845 s  <<< FAILURE!
java.lang.AssertionError: 

Expecting:
 <"Invalid email address.">
to be equal to:
 <"Invalid email address">
ignoring case considerations

